0 info it worked if it ends with ok
1 verbose cli [ 'node', '/Users/andrewstern/.nvm/v0.10.29/bin/npm', 'start' ]
2 info using npm@1.4.16
3 info using node@v0.10.29
4 verbose run-script [ 'prestart', 'start', 'poststart' ]
5 info prestart bt@0.0.0
6 info start bt@0.0.0
7 verbose unsafe-perm in lifecycle true
8 info bt@0.0.0 Failed to exec start script
9 error bt@0.0.0 start: `coffee src/coffee/server/app.coffee`
9 error Exit status 1
10 error Failed at the bt@0.0.0 start script.
10 error This is most likely a problem with the bt package,
10 error not with npm itself.
10 error Tell the author that this fails on your system:
10 error     coffee src/coffee/server/app.coffee
10 error You can get their info via:
10 error     npm owner ls bt
10 error There is likely additional logging output above.
11 error System Darwin 13.3.0
12 error command "node" "/Users/andrewstern/.nvm/v0.10.29/bin/npm" "start"
13 error cwd /Users/andrewstern/Developer/bt
14 error node -v v0.10.29
15 error npm -v 1.4.16
16 error code ELIFECYCLE
17 verbose exit [ 1, true ]
